<?xml version="1.0" encoding="UTF-8"?>
<!-- Generated by org.testng.reporters.JUnitReportReporter -->
<testsuite skipped="0" hostname="Tannazs-MacBook-Air.local" name="com.syntax.practice.BaseClass" tests="1" failures="0" timestamp="07 Dec 2018 00:07:30 GMT" time="4.575" errors="0">
  <testcase name="setUp" time="4.575" classname="com.syntax.practice.BaseClass"/>
</testsuite> <!-- com.syntax.practice.BaseClass -->
